The system is: Linux - 3.8.7-yocto-standard - i586
Compiling the C compiler identification source file "CMakeCCompilerId.c" succeeded.
Compiler: /usr/bin/cc 
Build flags: 
Id flags: 

The output was:
0


Compilation of the C compiler identification source "CMakeCCompilerId.c" produced "a.out"

The C compiler identification is GNU, found in "/home/root/all_code/apriltag_detector/CMakeFiles/2.8.10.2/CompilerIdC/a.out"

Compiling the CXX compiler identification source file "CMakeCXXCompilerId.cpp" succeeded.
Compiler: /usr/bin/c++ 
Build flags: 
Id flags: 

The output was:
0


Compilation of the CXX compiler identification source "CMakeCXXCompilerId.cpp" produced "a.out"

The CXX compiler identification is GNU, found in "/home/root/all_code/apriltag_detector/CMakeFiles/2.8.10.2/CompilerIdCXX/a.out"

Determining if the C compiler works passed with the following output:
Change Dir: /home/root/all_code/apriltag_detector/CMakeFiles/CMakeTmp

Run Build Command:/usr/bin/make "cmTryCompileExec933744327/fast"
/usr/bin/make -f CMakeFiles/cmTryCompileExec933744327.dir/build.make CMakeFiles/cmTryCompileExec933744327.dir/build
make[1]: Entering directory `/home/root/all_code/apriltag_detector/CMakeFiles/CMakeTmp'
/usr/bin/cmake -E cmake_progress_report /home/root/all_code/apriltag_detector/CMakeFiles/CMakeTmp/CMakeFiles 1
Building C object CMakeFiles/cmTryCompileExec933744327.dir/testCCompiler.c.o
/usr/bin/cc    -o CMakeFiles/cmTryCompileExec933744327.dir/testCCompiler.c.o   -c /home/root/all_code/apriltag_detector/CMakeFiles/CMakeTmp/testCCompiler.c
Linking C executable cmTryCompileExec933744327
/usr/bin/cmake -E cmake_link_script CMakeFiles/cmTryCompileExec933744327.dir/link.txt --verbose=1
/usr/bin/cc         CMakeFiles/cmTryCompileExec933744327.dir/testCCompiler.c.o  -o cmTryCompileExec933744327 -rdynamic 
make[1]: Leaving directory `/home/root/all_code/apriltag_detector/CMakeFiles/CMakeTmp'


Detecting C compiler ABI info compiled with the following output:
Change Dir: /home/root/all_code/apriltag_detector/CMakeFiles/CMakeTmp

Run Build Command:/usr/bin/make "cmTryCompileExec1575534342/fast"
/usr/bin/make -f CMakeFiles/cmTryCompileExec1575534342.dir/build.make CMakeFiles/cmTryCompileExec1575534342.dir/build
make[1]: Entering directory `/home/root/all_code/apriltag_detector/CMakeFiles/CMakeTmp'
/usr/bin/cmake -E cmake_progress_report /home/root/all_code/apriltag_detector/CMakeFiles/CMakeTmp/CMakeFiles 1
Building C object CMakeFiles/cmTryCompileExec1575534342.dir/CMakeCCompilerABI.c.o
/usr/bin/cc    -o CMakeFiles/cmTryCompileExec1575534342.dir/CMakeCCompilerABI.c.o   -c /usr/share/cmake-2.8/Modules/CMakeCCompilerABI.c
Linking C executable cmTryCompileExec1575534342
/usr/bin/cmake -E cmake_link_script CMakeFiles/cmTryCompileExec1575534342.dir/link.txt --verbose=1
/usr/bin/cc       -v CMakeFiles/cmTryCompileExec1575534342.dir/CMakeCCompilerABI.c.o  -o cmTryCompileExec1575534342 -rdynamic  
Using built-in specs.
COLLECT_GCC=/usr/bin/cc
COLLECT_LTO_WRAPPER=/usr/lib/gcc/gcc/i586-poky-linux/4.7.2/lto-wrapper
Target: i586-poky-linux
Configured with: /home/ninja/BSP_Galileo/meta-clanton_v1.0.0/yocto_build/tmp/work-shared/gcc-4.7.2-r20/gcc-4.7.2/configure --build=x86_64-linux --host=i586-poky-linux --target=i586-poky-linux --prefix=/usr --exec_prefix=/usr --bindir=/usr/bin --sbindir=/usr/sbin --libexecdir=/usr/lib/gcc --datadir=/usr/share --sysconfdir=/etc --sharedstatedir=/com --localstatedir=/var --libdir=/usr/lib --includedir=/usr/include --oldincludedir=/usr/include --infodir=/usr/share/info --mandir=/usr/share/man --disable-silent-rules --disable-dependency-tracking --with-libtool-sysroot=/home/ninja/BSP_Galileo/meta-clanton_v1.0.0/yocto_build/tmp/sysroots/clanton --with-gnu-ld --enable-shared --enable-languages=c,c++ --enable-threads=posix --enable-multilib --enable-c99 --enable-long-long --enable-symvers=gnu --enable-libstdcxx-pch --program-prefix=i586-poky-linux- --without-local-prefix --enable-target-optspace --enable-lto --enable-libssp --disable-bootstrap --disable-libmudflap --with-system-zlib --with-linker-hash-style=gnu --enable-linker-build-id --with-ppl=no --with-cloog=no --enable-checking=release --enable-cheaders=c_global --with-sysroot=/ --with-build-sysroot=/home/ninja/BSP_Galileo/meta-clanton_v1.0.0/yocto_build/tmp/sysroots/clanton --with-native-system-header-dir=/home/ninja/BSP_Galileo/meta-clanton_v1.0.0/yocto_build/tmp/sysroots/clanton/usr/include --with-gxx-include-dir=/usr/include/c++/ --enable-targets=all --enable-nls --enable-__cxa_atexit
Thread model: posix
gcc version 4.7.2 (GCC) 
COMPILER_PATH=/usr/lib/gcc/gcc/i586-poky-linux/4.7.2/:/usr/lib/gcc/gcc/i586-poky-linux/4.7.2/:/usr/lib/gcc/gcc/i586-poky-linux/:/usr/lib/gcc/i586-poky-linux/4.7.2/:/usr/lib/gcc/i586-poky-linux/:/usr/lib/gcc/i586-poky-linux/4.7.2/../../../../i586-poky-linux/bin/
LIBRARY_PATH=/usr/lib/gcc/i586-poky-linux/4.7.2/:/usr/lib/gcc/i586-poky-linux/4.7.2/../../../i586-poky-linux/4.7.2/:/usr/lib/gcc/i586-poky-linux/4.7.2/../../../../lib/:/lib/../lib/:/usr/lib/i586-poky-linux/4.7.2/:/usr/lib/../lib/:/usr/lib/gcc/i586-poky-linux/4.7.2/../../../:/lib/:/usr/lib/
COLLECT_GCC_OPTIONS='-v' '-o' 'cmTryCompileExec1575534342' '-rdynamic' '-mtune=pentium' '-march=pentium'
 /usr/lib/gcc/gcc/i586-poky-linux/4.7.2/collect2 --sysroot=/ --build-id --eh-frame-hdr --hash-style=gnu -m elf_i386 -export-dynamic -dynamic-linker /lib/ld-linux.so.2 -o cmTryCompileExec1575534342 /usr/lib/gcc/i586-poky-linux/4.7.2/../../../../lib/crt1.o /usr/lib/gcc/i586-poky-linux/4.7.2/../../../../lib/crti.o /usr/lib/gcc/i586-poky-linux/4.7.2/../../../i586-poky-linux/4.7.2/crtbegin.o -L/usr/lib/gcc/i586-poky-linux/4.7.2 -L/usr/lib/gcc/i586-poky-linux/4.7.2/../../../i586-poky-linux/4.7.2 -L/usr/lib/gcc/i586-poky-linux/4.7.2/../../../../lib -L/lib/../lib -L/usr/lib/i586-poky-linux/4.7.2 -L/usr/lib/../lib -L/usr/lib/gcc/i586-poky-linux/4.7.2/../../.. CMakeFiles/cmTryCompileExec1575534342.dir/CMakeCCompilerABI.c.o -lgcc --as-needed -lgcc_s --no-as-needed -lc -lgcc --as-needed -lgcc_s --no-as-needed /usr/lib/gcc/i586-poky-linux/4.7.2/../../../i586-poky-linux/4.7.2/crtend.o /usr/lib/gcc/i586-poky-linux/4.7.2/../../../../lib/crtn.o
make[1]: Leaving directory `/home/root/all_code/apriltag_detector/CMakeFiles/CMakeTmp'


Parsed C implicit link information from above output:
  link line regex: [^( *|.*[/\])(ld|ld|collect2)[^/\]*( |$)]
  ignore line: [Change Dir: /home/root/all_code/apriltag_detector/CMakeFiles/CMakeTmp]
  ignore line: []
  ignore line: [Run Build Command:/usr/bin/make "cmTryCompileExec1575534342/fast"]
  ignore line: [/usr/bin/make -f CMakeFiles/cmTryCompileExec1575534342.dir/build.make CMakeFiles/cmTryCompileExec1575534342.dir/build]
  ignore line: [make[1]: Entering directory `/home/root/all_code/apriltag_detector/CMakeFiles/CMakeTmp']
  ignore line: [/usr/bin/cmake -E cmake_progress_report /home/root/all_code/apriltag_detector/CMakeFiles/CMakeTmp/CMakeFiles 1]
  ignore line: [Building C object CMakeFiles/cmTryCompileExec1575534342.dir/CMakeCCompilerABI.c.o]
  ignore line: [/usr/bin/cc    -o CMakeFiles/cmTryCompileExec1575534342.dir/CMakeCCompilerABI.c.o   -c /usr/share/cmake-2.8/Modules/CMakeCCompilerABI.c]
  ignore line: [Linking C executable cmTryCompileExec1575534342]
  ignore line: [/usr/bin/cmake -E cmake_link_script CMakeFiles/cmTryCompileExec1575534342.dir/link.txt --verbose=1]
  ignore line: [/usr/bin/cc       -v CMakeFiles/cmTryCompileExec1575534342.dir/CMakeCCompilerABI.c.o  -o cmTryCompileExec1575534342 -rdynamic  ]
  ignore line: [Using built-in specs.]
  ignore line: [COLLECT_GCC=/usr/bin/cc]
  ignore line: [COLLECT_LTO_WRAPPER=/usr/lib/gcc/gcc/i586-poky-linux/4.7.2/lto-wrapper]
  ignore line: [Target: i586-poky-linux]
  ignore line: [Configured with: /home/ninja/BSP_Galileo/meta-clanton_v1.0.0/yocto_build/tmp/work-shared/gcc-4.7.2-r20/gcc-4.7.2/configure --build=x86_64-linux --host=i586-poky-linux --target=i586-poky-linux --prefix=/usr --exec_prefix=/usr --bindir=/usr/bin --sbindir=/usr/sbin --libexecdir=/usr/lib/gcc --datadir=/usr/share --sysconfdir=/etc --sharedstatedir=/com --localstatedir=/var --libdir=/usr/lib --includedir=/usr/include --oldincludedir=/usr/include --infodir=/usr/share/info --mandir=/usr/share/man --disable-silent-rules --disable-dependency-tracking --with-libtool-sysroot=/home/ninja/BSP_Galileo/meta-clanton_v1.0.0/yocto_build/tmp/sysroots/clanton --with-gnu-ld --enable-shared --enable-languages=c,c++ --enable-threads=posix --enable-multilib --enable-c99 --enable-long-long --enable-symvers=gnu --enable-libstdcxx-pch --program-prefix=i586-poky-linux- --without-local-prefix --enable-target-optspace --enable-lto --enable-libssp --disable-bootstrap --disable-libmudflap --with-system-zlib --with-linker-hash-style=gnu --enable-linker-build-id --with-ppl=no --with-cloog=no --enable-checking=release --enable-cheaders=c_global --with-sysroot=/ --with-build-sysroot=/home/ninja/BSP_Galileo/meta-clanton_v1.0.0/yocto_build/tmp/sysroots/clanton --with-native-system-header-dir=/home/ninja/BSP_Galileo/meta-clanton_v1.0.0/yocto_build/tmp/sysroots/clanton/usr/include --with-gxx-include-dir=/usr/include/c++/ --enable-targets=all --enable-nls --enable-__cxa_atexit]
  ignore line: [Thread model: posix]
  ignore line: [gcc version 4.7.2 (GCC) ]
  ignore line: [COMPILER_PATH=/usr/lib/gcc/gcc/i586-poky-linux/4.7.2/:/usr/lib/gcc/gcc/i586-poky-linux/4.7.2/:/usr/lib/gcc/gcc/i586-poky-linux/:/usr/lib/gcc/i586-poky-linux/4.7.2/:/usr/lib/gcc/i586-poky-linux/:/usr/lib/gcc/i586-poky-linux/4.7.2/../../../../i586-poky-linux/bin/]
  ignore line: [LIBRARY_PATH=/usr/lib/gcc/i586-poky-linux/4.7.2/:/usr/lib/gcc/i586-poky-linux/4.7.2/../../../i586-poky-linux/4.7.2/:/usr/lib/gcc/i586-poky-linux/4.7.2/../../../../lib/:/lib/../lib/:/usr/lib/i586-poky-linux/4.7.2/:/usr/lib/../lib/:/usr/lib/gcc/i586-poky-linux/4.7.2/../../../:/lib/:/usr/lib/]
  ignore line: [COLLECT_GCC_OPTIONS='-v' '-o' 'cmTryCompileExec1575534342' '-rdynamic' '-mtune=pentium' '-march=pentium']
  link line: [ /usr/lib/gcc/gcc/i586-poky-linux/4.7.2/collect2 --sysroot=/ --build-id --eh-frame-hdr --hash-style=gnu -m elf_i386 -export-dynamic -dynamic-linker /lib/ld-linux.so.2 -o cmTryCompileExec1575534342 /usr/lib/gcc/i586-poky-linux/4.7.2/../../../../lib/crt1.o /usr/lib/gcc/i586-poky-linux/4.7.2/../../../../lib/crti.o /usr/lib/gcc/i586-poky-linux/4.7.2/../../../i586-poky-linux/4.7.2/crtbegin.o -L/usr/lib/gcc/i586-poky-linux/4.7.2 -L/usr/lib/gcc/i586-poky-linux/4.7.2/../../../i586-poky-linux/4.7.2 -L/usr/lib/gcc/i586-poky-linux/4.7.2/../../../../lib -L/lib/../lib -L/usr/lib/i586-poky-linux/4.7.2 -L/usr/lib/../lib -L/usr/lib/gcc/i586-poky-linux/4.7.2/../../.. CMakeFiles/cmTryCompileExec1575534342.dir/CMakeCCompilerABI.c.o -lgcc --as-needed -lgcc_s --no-as-needed -lc -lgcc --as-needed -lgcc_s --no-as-needed /usr/lib/gcc/i586-poky-linux/4.7.2/../../../i586-poky-linux/4.7.2/crtend.o /usr/lib/gcc/i586-poky-linux/4.7.2/../../../../lib/crtn.o]
    arg [/usr/lib/gcc/gcc/i586-poky-linux/4.7.2/collect2] ==> ignore
    arg [--sysroot=/] ==> ignore
    arg [--build-id] ==> ignore
    arg [--eh-frame-hdr] ==> ignore
    arg [--hash-style=gnu] ==> ignore
    arg [-m] ==> ignore
    arg [elf_i386] ==> ignore
    arg [-export-dynamic] ==> ignore
    arg [-dynamic-linker] ==> ignore
    arg [/lib/ld-linux.so.2] ==> ignore
    arg [-o] ==> ignore
    arg [cmTryCompileExec1575534342] ==> ignore
    arg [/usr/lib/gcc/i586-poky-linux/4.7.2/../../../../lib/crt1.o] ==> ignore
    arg [/usr/lib/gcc/i586-poky-linux/4.7.2/../../../../lib/crti.o] ==> ignore
    arg [/usr/lib/gcc/i586-poky-linux/4.7.2/../../../i586-poky-linux/4.7.2/crtbegin.o] ==> ignore
    arg [-L/usr/lib/gcc/i586-poky-linux/4.7.2] ==> dir [/usr/lib/gcc/i586-poky-linux/4.7.2]
    arg [-L/usr/lib/gcc/i586-poky-linux/4.7.2/../../../i586-poky-linux/4.7.2] ==> dir [/usr/lib/gcc/i586-poky-linux/4.7.2/../../../i586-poky-linux/4.7.2]
    arg [-L/usr/lib/gcc/i586-poky-linux/4.7.2/../../../../lib] ==> dir [/usr/lib/gcc/i586-poky-linux/4.7.2/../../../../lib]
    arg [-L/lib/../lib] ==> dir [/lib/../lib]
    arg [-L/usr/lib/i586-poky-linux/4.7.2] ==> dir [/usr/lib/i586-poky-linux/4.7.2]
    arg [-L/usr/lib/../lib] ==> dir [/usr/lib/../lib]
    arg [-L/usr/lib/gcc/i586-poky-linux/4.7.2/../../..] ==> dir [/usr/lib/gcc/i586-poky-linux/4.7.2/../../..]
    arg [CMakeFiles/cmTryCompileExec1575534342.dir/CMakeCCompilerABI.c.o] ==> ignore
    arg [-lgcc] ==> lib [gcc]
    arg [--as-needed] ==> ignore
    arg [-lgcc_s] ==> lib [gcc_s]
    arg [--no-as-needed] ==> ignore
    arg [-lc] ==> lib [c]
    arg [-lgcc] ==> lib [gcc]
    arg [--as-needed] ==> ignore
    arg [-lgcc_s] ==> lib [gcc_s]
    arg [--no-as-needed] ==> ignore
    arg [/usr/lib/gcc/i586-poky-linux/4.7.2/../../../i586-poky-linux/4.7.2/crtend.o] ==> ignore
    arg [/usr/lib/gcc/i586-poky-linux/4.7.2/../../../../lib/crtn.o] ==> ignore
  remove lib [gcc]
  remove lib [gcc_s]
  remove lib [gcc]
  remove lib [gcc_s]
  collapse dir [/usr/lib/gcc/i586-poky-linux/4.7.2] ==> [/usr/lib/gcc/i586-poky-linux/4.7.2]
  collapse dir [/usr/lib/gcc/i586-poky-linux/4.7.2/../../../i586-poky-linux/4.7.2] ==> [/usr/lib/i586-poky-linux/4.7.2]
  collapse dir [/usr/lib/gcc/i586-poky-linux/4.7.2/../../../../lib] ==> [/usr/lib]
  collapse dir [/lib/../lib] ==> [/lib]
  collapse dir [/usr/lib/i586-poky-linux/4.7.2] ==> [/usr/lib/i586-poky-linux/4.7.2]
  collapse dir [/usr/lib/../lib] ==> [/usr/lib]
  collapse dir [/usr/lib/gcc/i586-poky-linux/4.7.2/../../..] ==> [/usr/lib]
  implicit libs: [c]
  implicit dirs: [/usr/lib/gcc/i586-poky-linux/4.7.2;/usr/lib/i586-poky-linux/4.7.2;/usr/lib;/lib]


Determining if the CXX compiler works passed with the following output:
Change Dir: /home/root/all_code/apriltag_detector/CMakeFiles/CMakeTmp

Run Build Command:/usr/bin/make "cmTryCompileExec1549108717/fast"
/usr/bin/make -f CMakeFiles/cmTryCompileExec1549108717.dir/build.make CMakeFiles/cmTryCompileExec1549108717.dir/build
make[1]: Entering directory `/home/root/all_code/apriltag_detector/CMakeFiles/CMakeTmp'
/usr/bin/cmake -E cmake_progress_report /home/root/all_code/apriltag_detector/CMakeFiles/CMakeTmp/CMakeFiles 1
Building CXX object CMakeFiles/cmTryCompileExec1549108717.dir/testCXXCompiler.cxx.o
/usr/bin/c++     -o CMakeFiles/cmTryCompileExec1549108717.dir/testCXXCompiler.cxx.o -c /home/root/all_code/apriltag_detector/CMakeFiles/CMakeTmp/testCXXCompiler.cxx
Linking CXX executable cmTryCompileExec1549108717
/usr/bin/cmake -E cmake_link_script CMakeFiles/cmTryCompileExec1549108717.dir/link.txt --verbose=1
/usr/bin/c++          CMakeFiles/cmTryCompileExec1549108717.dir/testCXXCompiler.cxx.o  -o cmTryCompileExec1549108717 -rdynamic 
make[1]: Leaving directory `/home/root/all_code/apriltag_detector/CMakeFiles/CMakeTmp'


Detecting CXX compiler ABI info compiled with the following output:
Change Dir: /home/root/all_code/apriltag_detector/CMakeFiles/CMakeTmp

Run Build Command:/usr/bin/make "cmTryCompileExec526330906/fast"
/usr/bin/make -f CMakeFiles/cmTryCompileExec526330906.dir/build.make CMakeFiles/cmTryCompileExec526330906.dir/build
make[1]: Entering directory `/home/root/all_code/apriltag_detector/CMakeFiles/CMakeTmp'
/usr/bin/cmake -E cmake_progress_report /home/root/all_code/apriltag_detector/CMakeFiles/CMakeTmp/CMakeFiles 1
Building CXX object CMakeFiles/cmTryCompileExec526330906.dir/CMakeCXXCompilerABI.cpp.o
/usr/bin/c++     -o CMakeFiles/cmTryCompileExec526330906.dir/CMakeCXXCompilerABI.cpp.o -c /usr/share/cmake-2.8/Modules/CMakeCXXCompilerABI.cpp
Linking CXX executable cmTryCompileExec526330906
/usr/bin/cmake -E cmake_link_script CMakeFiles/cmTryCompileExec526330906.dir/link.txt --verbose=1
/usr/bin/c++        -v CMakeFiles/cmTryCompileExec526330906.dir/CMakeCXXCompilerABI.cpp.o  -o cmTryCompileExec526330906 -rdynamic  
Using built-in specs.
COLLECT_GCC=/usr/bin/c++
COLLECT_LTO_WRAPPER=/usr/lib/gcc/gcc/i586-poky-linux/4.7.2/lto-wrapper
Target: i586-poky-linux
Configured with: /home/ninja/BSP_Galileo/meta-clanton_v1.0.0/yocto_build/tmp/work-shared/gcc-4.7.2-r20/gcc-4.7.2/configure --build=x86_64-linux --host=i586-poky-linux --target=i586-poky-linux --prefix=/usr --exec_prefix=/usr --bindir=/usr/bin --sbindir=/usr/sbin --libexecdir=/usr/lib/gcc --datadir=/usr/share --sysconfdir=/etc --sharedstatedir=/com --localstatedir=/var --libdir=/usr/lib --includedir=/usr/include --oldincludedir=/usr/include --infodir=/usr/share/info --mandir=/usr/share/man --disable-silent-rules --disable-dependency-tracking --with-libtool-sysroot=/home/ninja/BSP_Galileo/meta-clanton_v1.0.0/yocto_build/tmp/sysroots/clanton --with-gnu-ld --enable-shared --enable-languages=c,c++ --enable-threads=posix --enable-multilib --enable-c99 --enable-long-long --enable-symvers=gnu --enable-libstdcxx-pch --program-prefix=i586-poky-linux- --without-local-prefix --enable-target-optspace --enable-lto --enable-libssp --disable-bootstrap --disable-libmudflap --with-system-zlib --with-linker-hash-style=gnu --enable-linker-build-id --with-ppl=no --with-cloog=no --enable-checking=release --enable-cheaders=c_global --with-sysroot=/ --with-build-sysroot=/home/ninja/BSP_Galileo/meta-clanton_v1.0.0/yocto_build/tmp/sysroots/clanton --with-native-system-header-dir=/home/ninja/BSP_Galileo/meta-clanton_v1.0.0/yocto_build/tmp/sysroots/clanton/usr/include --with-gxx-include-dir=/usr/include/c++/ --enable-targets=all --enable-nls --enable-__cxa_atexit
Thread model: posix
gcc version 4.7.2 (GCC) 
COMPILER_PATH=/usr/lib/gcc/gcc/i586-poky-linux/4.7.2/:/usr/lib/gcc/gcc/i586-poky-linux/4.7.2/:/usr/lib/gcc/gcc/i586-poky-linux/:/usr/lib/gcc/i586-poky-linux/4.7.2/:/usr/lib/gcc/i586-poky-linux/:/usr/lib/gcc/i586-poky-linux/4.7.2/../../../../i586-poky-linux/bin/
LIBRARY_PATH=/usr/lib/gcc/i586-poky-linux/4.7.2/:/usr/lib/gcc/i586-poky-linux/4.7.2/../../../i586-poky-linux/4.7.2/:/usr/lib/gcc/i586-poky-linux/4.7.2/../../../../lib/:/lib/../lib/:/usr/lib/i586-poky-linux/4.7.2/:/usr/lib/../lib/:/usr/lib/gcc/i586-poky-linux/4.7.2/../../../:/lib/:/usr/lib/
COLLECT_GCC_OPTIONS='-v' '-o' 'cmTryCompileExec526330906' '-rdynamic' '-shared-libgcc' '-mtune=pentium' '-march=pentium'
 /usr/lib/gcc/gcc/i586-poky-linux/4.7.2/collect2 --sysroot=/ --build-id --eh-frame-hdr --hash-style=gnu -m elf_i386 -export-dynamic -dynamic-linker /lib/ld-linux.so.2 -o cmTryCompileExec526330906 /usr/lib/gcc/i586-poky-linux/4.7.2/../../../../lib/crt1.o /usr/lib/gcc/i586-poky-linux/4.7.2/../../../../lib/crti.o /usr/lib/gcc/i586-poky-linux/4.7.2/../../../i586-poky-linux/4.7.2/crtbegin.o -L/usr/lib/gcc/i586-poky-linux/4.7.2 -L/usr/lib/gcc/i586-poky-linux/4.7.2/../../../i586-poky-linux/4.7.2 -L/usr/lib/gcc/i586-poky-linux/4.7.2/../../../../lib -L/lib/../lib -L/usr/lib/i586-poky-linux/4.7.2 -L/usr/lib/../lib -L/usr/lib/gcc/i586-poky-linux/4.7.2/../../.. CMakeFiles/cmTryCompileExec526330906.dir/CMakeCXXCompilerABI.cpp.o -lstdc++ -lm -lgcc_s -lgcc -lc -lgcc_s -lgcc /usr/lib/gcc/i586-poky-linux/4.7.2/../../../i586-poky-linux/4.7.2/crtend.o /usr/lib/gcc/i586-poky-linux/4.7.2/../../../../lib/crtn.o
make[1]: Leaving directory `/home/root/all_code/apriltag_detector/CMakeFiles/CMakeTmp'


Parsed CXX implicit link information from above output:
  link line regex: [^( *|.*[/\])(ld|ld|collect2)[^/\]*( |$)]
  ignore line: [Change Dir: /home/root/all_code/apriltag_detector/CMakeFiles/CMakeTmp]
  ignore line: []
  ignore line: [Run Build Command:/usr/bin/make "cmTryCompileExec526330906/fast"]
  ignore line: [/usr/bin/make -f CMakeFiles/cmTryCompileExec526330906.dir/build.make CMakeFiles/cmTryCompileExec526330906.dir/build]
  ignore line: [make[1]: Entering directory `/home/root/all_code/apriltag_detector/CMakeFiles/CMakeTmp']
  ignore line: [/usr/bin/cmake -E cmake_progress_report /home/root/all_code/apriltag_detector/CMakeFiles/CMakeTmp/CMakeFiles 1]
  ignore line: [Building CXX object CMakeFiles/cmTryCompileExec526330906.dir/CMakeCXXCompilerABI.cpp.o]
  ignore line: [/usr/bin/c++     -o CMakeFiles/cmTryCompileExec526330906.dir/CMakeCXXCompilerABI.cpp.o -c /usr/share/cmake-2.8/Modules/CMakeCXXCompilerABI.cpp]
  ignore line: [Linking CXX executable cmTryCompileExec526330906]
  ignore line: [/usr/bin/cmake -E cmake_link_script CMakeFiles/cmTryCompileExec526330906.dir/link.txt --verbose=1]
  ignore line: [/usr/bin/c++        -v CMakeFiles/cmTryCompileExec526330906.dir/CMakeCXXCompilerABI.cpp.o  -o cmTryCompileExec526330906 -rdynamic  ]
  ignore line: [Using built-in specs.]
  ignore line: [COLLECT_GCC=/usr/bin/c++]
  ignore line: [COLLECT_LTO_WRAPPER=/usr/lib/gcc/gcc/i586-poky-linux/4.7.2/lto-wrapper]
  ignore line: [Target: i586-poky-linux]
  ignore line: [Configured with: /home/ninja/BSP_Galileo/meta-clanton_v1.0.0/yocto_build/tmp/work-shared/gcc-4.7.2-r20/gcc-4.7.2/configure --build=x86_64-linux --host=i586-poky-linux --target=i586-poky-linux --prefix=/usr --exec_prefix=/usr --bindir=/usr/bin --sbindir=/usr/sbin --libexecdir=/usr/lib/gcc --datadir=/usr/share --sysconfdir=/etc --sharedstatedir=/com --localstatedir=/var --libdir=/usr/lib --includedir=/usr/include --oldincludedir=/usr/include --infodir=/usr/share/info --mandir=/usr/share/man --disable-silent-rules --disable-dependency-tracking --with-libtool-sysroot=/home/ninja/BSP_Galileo/meta-clanton_v1.0.0/yocto_build/tmp/sysroots/clanton --with-gnu-ld --enable-shared --enable-languages=c,c++ --enable-threads=posix --enable-multilib --enable-c99 --enable-long-long --enable-symvers=gnu --enable-libstdcxx-pch --program-prefix=i586-poky-linux- --without-local-prefix --enable-target-optspace --enable-lto --enable-libssp --disable-bootstrap --disable-libmudflap --with-system-zlib --with-linker-hash-style=gnu --enable-linker-build-id --with-ppl=no --with-cloog=no --enable-checking=release --enable-cheaders=c_global --with-sysroot=/ --with-build-sysroot=/home/ninja/BSP_Galileo/meta-clanton_v1.0.0/yocto_build/tmp/sysroots/clanton --with-native-system-header-dir=/home/ninja/BSP_Galileo/meta-clanton_v1.0.0/yocto_build/tmp/sysroots/clanton/usr/include --with-gxx-include-dir=/usr/include/c++/ --enable-targets=all --enable-nls --enable-__cxa_atexit]
  ignore line: [Thread model: posix]
  ignore line: [gcc version 4.7.2 (GCC) ]
  ignore line: [COMPILER_PATH=/usr/lib/gcc/gcc/i586-poky-linux/4.7.2/:/usr/lib/gcc/gcc/i586-poky-linux/4.7.2/:/usr/lib/gcc/gcc/i586-poky-linux/:/usr/lib/gcc/i586-poky-linux/4.7.2/:/usr/lib/gcc/i586-poky-linux/:/usr/lib/gcc/i586-poky-linux/4.7.2/../../../../i586-poky-linux/bin/]
  ignore line: [LIBRARY_PATH=/usr/lib/gcc/i586-poky-linux/4.7.2/:/usr/lib/gcc/i586-poky-linux/4.7.2/../../../i586-poky-linux/4.7.2/:/usr/lib/gcc/i586-poky-linux/4.7.2/../../../../lib/:/lib/../lib/:/usr/lib/i586-poky-linux/4.7.2/:/usr/lib/../lib/:/usr/lib/gcc/i586-poky-linux/4.7.2/../../../:/lib/:/usr/lib/]
  ignore line: [COLLECT_GCC_OPTIONS='-v' '-o' 'cmTryCompileExec526330906' '-rdynamic' '-shared-libgcc' '-mtune=pentium' '-march=pentium']
  link line: [ /usr/lib/gcc/gcc/i586-poky-linux/4.7.2/collect2 --sysroot=/ --build-id --eh-frame-hdr --hash-style=gnu -m elf_i386 -export-dynamic -dynamic-linker /lib/ld-linux.so.2 -o cmTryCompileExec526330906 /usr/lib/gcc/i586-poky-linux/4.7.2/../../../../lib/crt1.o /usr/lib/gcc/i586-poky-linux/4.7.2/../../../../lib/crti.o /usr/lib/gcc/i586-poky-linux/4.7.2/../../../i586-poky-linux/4.7.2/crtbegin.o -L/usr/lib/gcc/i586-poky-linux/4.7.2 -L/usr/lib/gcc/i586-poky-linux/4.7.2/../../../i586-poky-linux/4.7.2 -L/usr/lib/gcc/i586-poky-linux/4.7.2/../../../../lib -L/lib/../lib -L/usr/lib/i586-poky-linux/4.7.2 -L/usr/lib/../lib -L/usr/lib/gcc/i586-poky-linux/4.7.2/../../.. CMakeFiles/cmTryCompileExec526330906.dir/CMakeCXXCompilerABI.cpp.o -lstdc++ -lm -lgcc_s -lgcc -lc -lgcc_s -lgcc /usr/lib/gcc/i586-poky-linux/4.7.2/../../../i586-poky-linux/4.7.2/crtend.o /usr/lib/gcc/i586-poky-linux/4.7.2/../../../../lib/crtn.o]
    arg [/usr/lib/gcc/gcc/i586-poky-linux/4.7.2/collect2] ==> ignore
    arg [--sysroot=/] ==> ignore
    arg [--build-id] ==> ignore
    arg [--eh-frame-hdr] ==> ignore
    arg [--hash-style=gnu] ==> ignore
    arg [-m] ==> ignore
    arg [elf_i386] ==> ignore
    arg [-export-dynamic] ==> ignore
    arg [-dynamic-linker] ==> ignore
    arg [/lib/ld-linux.so.2] ==> ignore
    arg [-o] ==> ignore
    arg [cmTryCompileExec526330906] ==> ignore
    arg [/usr/lib/gcc/i586-poky-linux/4.7.2/../../../../lib/crt1.o] ==> ignore
    arg [/usr/lib/gcc/i586-poky-linux/4.7.2/../../../../lib/crti.o] ==> ignore
    arg [/usr/lib/gcc/i586-poky-linux/4.7.2/../../../i586-poky-linux/4.7.2/crtbegin.o] ==> ignore
    arg [-L/usr/lib/gcc/i586-poky-linux/4.7.2] ==> dir [/usr/lib/gcc/i586-poky-linux/4.7.2]
    arg [-L/usr/lib/gcc/i586-poky-linux/4.7.2/../../../i586-poky-linux/4.7.2] ==> dir [/usr/lib/gcc/i586-poky-linux/4.7.2/../../../i586-poky-linux/4.7.2]
    arg [-L/usr/lib/gcc/i586-poky-linux/4.7.2/../../../../lib] ==> dir [/usr/lib/gcc/i586-poky-linux/4.7.2/../../../../lib]
    arg [-L/lib/../lib] ==> dir [/lib/../lib]
    arg [-L/usr/lib/i586-poky-linux/4.7.2] ==> dir [/usr/lib/i586-poky-linux/4.7.2]
    arg [-L/usr/lib/../lib] ==> dir [/usr/lib/../lib]
    arg [-L/usr/lib/gcc/i586-poky-linux/4.7.2/../../..] ==> dir [/usr/lib/gcc/i586-poky-linux/4.7.2/../../..]
    arg [CMakeFiles/cmTryCompileExec526330906.dir/CMakeCXXCompilerABI.cpp.o] ==> ignore
    arg [-lstdc++] ==> lib [stdc++]
    arg [-lm] ==> lib [m]
    arg [-lgcc_s] ==> lib [gcc_s]
    arg [-lgcc] ==> lib [gcc]
    arg [-lc] ==> lib [c]
    arg [-lgcc_s] ==> lib [gcc_s]
    arg [-lgcc] ==> lib [gcc]
    arg [/usr/lib/gcc/i586-poky-linux/4.7.2/../../../i586-poky-linux/4.7.2/crtend.o] ==> ignore
    arg [/usr/lib/gcc/i586-poky-linux/4.7.2/../../../../lib/crtn.o] ==> ignore
  remove lib [gcc_s]
  remove lib [gcc]
  remove lib [gcc_s]
  remove lib [gcc]
  collapse dir [/usr/lib/gcc/i586-poky-linux/4.7.2] ==> [/usr/lib/gcc/i586-poky-linux/4.7.2]
  collapse dir [/usr/lib/gcc/i586-poky-linux/4.7.2/../../../i586-poky-linux/4.7.2] ==> [/usr/lib/i586-poky-linux/4.7.2]
  collapse dir [/usr/lib/gcc/i586-poky-linux/4.7.2/../../../../lib] ==> [/usr/lib]
  collapse dir [/lib/../lib] ==> [/lib]
  collapse dir [/usr/lib/i586-poky-linux/4.7.2] ==> [/usr/lib/i586-poky-linux/4.7.2]
  collapse dir [/usr/lib/../lib] ==> [/usr/lib]
  collapse dir [/usr/lib/gcc/i586-poky-linux/4.7.2/../../..] ==> [/usr/lib]
  implicit libs: [stdc++;m;c]
  implicit dirs: [/usr/lib/gcc/i586-poky-linux/4.7.2;/usr/lib/i586-poky-linux/4.7.2;/usr/lib;/lib]


